<?xml version="1.0" encoding="UTF-8"?>
<!-- Generated by org.testng.reporters.JUnitXMLReporter -->
<testsuite ignored="7" hostname="SIddu" failures="0" tests="0" time="0.006" errors="0" timestamp="2022-12-19T21:51:14 IST">
  <testcase classname="New_TestNG_Project.testNG_SUVCar" name="SUVMobileLogin" time="0.0">
    <ignored/>
  </testcase> <!-- SUVMobileLogin -->
  <testcase classname="New_TestNG_Project.testNG_SUVCar" name="SUVWebLogin" time="0.0">
    <ignored/>
  </testcase> <!-- SUVWebLogin -->
  <testcase classname="New_TestNG_Project.testNG_SUVCar" name="GetSUV" time="0.0">
    <ignored/>
  </testcase> <!-- GetSUV -->
  <testcase classname="New_TestNG_Project.testNG_sportsCar" name="GetDataSportCarSpeed" time="0.0">
    <ignored/>
  </testcase> <!-- GetDataSportCarSpeed -->
  <testcase classname="New_TestNG_Project.testNG_sportsCar" name="GetDataSportsCar" time="0.0">
    <ignored/>
  </testcase> <!-- GetDataSportsCar -->
  <testcase classname="New_TestNG_Project.testNG_PremiumCars" name="SendPremiumCar" time="0.0">
    <ignored/>
  </testcase> <!-- SendPremiumCar -->
  <testcase classname="New_TestNG_Project.testNG_PremiumCars" name="GetPremiumCar" time="0.0">
    <ignored/>
  </testcase> <!-- GetPremiumCar -->
</testsuite>
