<?xml version="1.0" encoding="UTF-8"?>
<!-- Generated by org.testng.reporters.JUnitXMLReporter -->
<testsuite ignored="0" hostname="SIddu" failures="0" tests="3" name="SUV Car" time="0.047" errors="0" timestamp="2022-12-19T17:09:09 IST">
  <testcase classname="New_TestNG_Project.ParameterTestthroughTestNGXML" name="stName" time="0.006"/>
  <testcase classname="New_TestNG_Project.ParameterTestthroughTestNGXML" name="scName" time="0.001"/>
  <testcase classname="New_TestNG_Project.ParameterTestthroughTestNGXML" name="rollSTD" time="0.001"/>
</testsuite> <!-- SUV Car -->
