<?xml version="1.0" encoding="UTF-8"?>
<testng-results ignored="7" total="7" passed="0" failed="0" skipped="0">
  <reporter-output>
  </reporter-output>
  <suite started-at="2022-12-19T21:51:14 IST" name="Car Department" finished-at="2022-12-19T21:51:14 IST" duration-ms="6">
    <groups>
    </groups>
    <test started-at="2022-12-19T21:51:14 IST" name="Sports Car" finished-at="2022-12-19T21:51:14 IST" duration-ms="6">
    </test> <!-- Sports Car -->
  </suite> <!-- Car Department -->
</testng-results>
